PROJECT_ROOT is: /gpfs/home3/scur2391/MLOps_2026
Run has started
Experiment tcga_multimodal_model_hpo has started
Configuration has loaded and seeds have been set
Number of classes: 33
Initializing Train Dataset...
Loaded split from data/processed/train_split.csv: 5280 samples.
Initializing Val Dataset...
Loaded split from data/processed/val_split.csv: 1132 samples.
Dataloaders are ready
Train samples: 5280
Val samples:   1132
Running 36 hyperparameter configurations...

=== Run 1/36 ===
hidden_units=[128, 64], dropout=0.1, lr=0.001, optimizer=adam
Epoch 1 has started
Train loss: 1.6856, Val loss: 0.8449
Epoch 2 has started
Train loss: 0.3379, Val loss: 0.6279
Epoch 3 has started
Train loss: 0.1734, Val loss: 0.6399
Epoch 4 has started
Train loss: 0.1235, Val loss: 0.7034
Epoch 5 has started
Train loss: 0.0936, Val loss: 0.7462
Epoch 6 has started
Train loss: 0.0790, Val loss: 0.7138
Epoch 7 has started
Train loss: 0.0749, Val loss: 0.7225
Epoch 8 has started
Train loss: 0.0463, Val loss: 0.7416
Epoch 9 has started
Train loss: 0.0444, Val loss: 0.8934
Epoch 10 has started
Train loss: 0.0501, Val loss: 0.7809

=== Run 2/36 ===
hidden_units=[128, 64], dropout=0.1, lr=0.001, optimizer=adamw
Epoch 1 has started
Train loss: 1.6532, Val loss: 0.7519
Epoch 2 has started
Train loss: 0.3111, Val loss: 0.5854
Epoch 3 has started
Train loss: 0.1742, Val loss: 0.5782
Epoch 4 has started
Train loss: 0.1183, Val loss: 0.6429
Epoch 5 has started
Train loss: 0.0836, Val loss: 0.6830
Epoch 6 has started
Train loss: 0.0696, Val loss: 0.6688
Epoch 7 has started
Train loss: 0.0625, Val loss: 0.6395
Epoch 8 has started
Train loss: 0.0530, Val loss: 0.6973
Epoch 9 has started
Train loss: 0.0504, Val loss: 0.6341
Epoch 10 has started
Train loss: 0.0422, Val loss: 0.7082

=== Run 3/36 ===
hidden_units=[128, 64], dropout=0.1, lr=0.001, optimizer=sgd
Epoch 1 has started
Train loss: 3.4851, Val loss: 3.4820
Epoch 2 has started
Train loss: 3.4472, Val loss: 3.4530
Epoch 3 has started
Train loss: 3.3512, Val loss: 3.3940
Epoch 4 has started
Train loss: 2.9994, Val loss: 2.9981
Epoch 5 has started
Train loss: 2.2181, Val loss: 2.3026
Epoch 6 has started
Train loss: 1.4686, Val loss: 1.8732
Epoch 7 has started
Train loss: 1.0121, Val loss: 1.6363
Epoch 8 has started
Train loss: 0.7452, Val loss: 1.4003
Epoch 9 has started
Train loss: 0.5684, Val loss: 1.3082
Epoch 10 has started
Train loss: 0.4368, Val loss: 1.2951

=== Run 4/36 ===
hidden_units=[128, 64], dropout=0.1, lr=0.0005, optimizer=adam
Epoch 1 has started
Train loss: 2.2985, Val loss: 1.0036
Epoch 2 has started
Train loss: 0.4839, Val loss: 0.6390
Epoch 3 has started
Train loss: 0.2407, Val loss: 0.6242
Epoch 4 has started
Train loss: 0.1566, Val loss: 0.5532
Epoch 5 has started
Train loss: 0.1109, Val loss: 0.5733
Epoch 6 has started
Train loss: 0.0719, Val loss: 0.5800
Epoch 7 has started
Train loss: 0.0559, Val loss: 0.6045
Epoch 8 has started
Train loss: 0.0445, Val loss: 0.6688
Epoch 9 has started
Train loss: 0.0405, Val loss: 0.7118
Epoch 10 has started
Train loss: 0.0375, Val loss: 0.7276

=== Run 5/36 ===
hidden_units=[128, 64], dropout=0.1, lr=0.0005, optimizer=adamw
Epoch 1 has started
Train loss: 2.2922, Val loss: 0.9577
Epoch 2 has started
Train loss: 0.4652, Val loss: 0.6124
Epoch 3 has started
Train loss: 0.2358, Val loss: 0.5719
Epoch 4 has started
Train loss: 0.1370, Val loss: 0.5967
Epoch 5 has started
Train loss: 0.0942, Val loss: 0.6082
Epoch 6 has started
Train loss: 0.0787, Val loss: 0.6715
Epoch 7 has started
Train loss: 0.0538, Val loss: 0.7249
Epoch 8 has started
Train loss: 0.0500, Val loss: 0.7160
Epoch 9 has started
Train loss: 0.0354, Val loss: 0.7233
Epoch 10 has started
Train loss: 0.0373, Val loss: 0.7045

=== Run 6/36 ===
hidden_units=[128, 64], dropout=0.1, lr=0.0005, optimizer=sgd
Epoch 1 has started
Train loss: 3.4977, Val loss: 3.4994
Epoch 2 has started
Train loss: 3.4807, Val loss: 3.4900
Epoch 3 has started
Train loss: 3.4571, Val loss: 3.4781
Epoch 4 has started
Train loss: 3.4305, Val loss: 3.4641
Epoch 5 has started
Train loss: 3.3822, Val loss: 3.4311
Epoch 6 has started
Train loss: 3.2945, Val loss: 3.3650
Epoch 7 has started
Train loss: 3.0880, Val loss: 3.1956
Epoch 8 has started
Train loss: 2.6945, Val loss: 2.8701
Epoch 9 has started
Train loss: 2.2106, Val loss: 2.4381
Epoch 10 has started
Train loss: 1.7451, Val loss: 2.0801

=== Run 7/36 ===
hidden_units=[128, 64], dropout=0.3, lr=0.001, optimizer=adam
Epoch 1 has started
Train loss: 2.3386, Val loss: 0.9733
Epoch 2 has started
Train loss: 0.7678, Val loss: 0.6542
Epoch 3 has started
Train loss: 0.4997, Val loss: 0.5433
Epoch 4 has started
Train loss: 0.3592, Val loss: 0.5860
Epoch 5 has started
Train loss: 0.2862, Val loss: 0.5114
Epoch 6 has started
Train loss: 0.2665, Val loss: 0.5026
Epoch 7 has started
Train loss: 0.1886, Val loss: 0.5393
Epoch 8 has started
Train loss: 0.1883, Val loss: 0.5451
Epoch 9 has started
Train loss: 0.1765, Val loss: 0.5436
Epoch 10 has started
Train loss: 0.1527, Val loss: 0.5781

=== Run 8/36 ===
hidden_units=[128, 64], dropout=0.3, lr=0.001, optimizer=adamw
Epoch 1 has started
Train loss: 2.2975, Val loss: 0.9554
Epoch 2 has started
Train loss: 0.7575, Val loss: 0.5683
Epoch 3 has started
Train loss: 0.4541, Val loss: 0.5200
Epoch 4 has started
Train loss: 0.3264, Val loss: 0.5200
Epoch 5 has started
Train loss: 0.2577, Val loss: 0.5228
Epoch 6 has started
Train loss: 0.2276, Val loss: 0.5282
Epoch 7 has started
Train loss: 0.1945, Val loss: 0.5275
Epoch 8 has started
Train loss: 0.1856, Val loss: 0.5314
Epoch 9 has started
Train loss: 0.1963, Val loss: 0.5104
Epoch 10 has started
Train loss: 0.1392, Val loss: 0.5329

=== Run 9/36 ===
hidden_units=[128, 64], dropout=0.3, lr=0.001, optimizer=sgd
Epoch 1 has started
Train loss: 3.4952, Val loss: 3.4798
Epoch 2 has started
Train loss: 3.4701, Val loss: 3.4646
Epoch 3 has started
Train loss: 3.4367, Val loss: 3.4271
Epoch 4 has started
Train loss: 3.3590, Val loss: 3.3521
Epoch 5 has started
Train loss: 3.1099, Val loss: 3.0460
Epoch 6 has started
Train loss: 2.5480, Val loss: 2.4634
Epoch 7 has started
Train loss: 2.0307, Val loss: 2.1073
Epoch 8 has started
Train loss: 1.6716, Val loss: 1.9062
Epoch 9 has started
Train loss: 1.3937, Val loss: 1.7057
Epoch 10 has started
Train loss: 1.1956, Val loss: 1.5702

=== Run 10/36 ===
hidden_units=[128, 64], dropout=0.3, lr=0.0005, optimizer=adam
Epoch 1 has started
Train loss: 2.9643, Val loss: 1.7063
Epoch 2 has started
Train loss: 1.1075, Val loss: 0.8218
Epoch 3 has started
Train loss: 0.6163, Val loss: 0.6142
Epoch 4 has started
Train loss: 0.4557, Val loss: 0.5415
Epoch 5 has started
Train loss: 0.3487, Val loss: 0.5310
Epoch 6 has started
Train loss: 0.2842, Val loss: 0.5292
Epoch 7 has started
Train loss: 0.2633, Val loss: 0.5537
Epoch 8 has started
Train loss: 0.1919, Val loss: 0.5445
Epoch 9 has started
Train loss: 0.1842, Val loss: 0.5937
Epoch 10 has started
Train loss: 0.1400, Val loss: 0.5774

=== Run 11/36 ===
hidden_units=[128, 64], dropout=0.3, lr=0.0005, optimizer=adamw
Epoch 1 has started
Train loss: 2.8890, Val loss: 1.5185
Epoch 2 has started
Train loss: 1.0497, Val loss: 0.7854
Epoch 3 has started
Train loss: 0.6111, Val loss: 0.6054
Epoch 4 has started
Train loss: 0.4385, Val loss: 0.5677
Epoch 5 has started
Train loss: 0.3279, Val loss: 0.5725
Epoch 6 has started
Train loss: 0.2724, Val loss: 0.5833
Epoch 7 has started
Train loss: 0.2173, Val loss: 0.5779
Epoch 8 has started
Train loss: 0.1945, Val loss: 0.5661
Epoch 9 has started
Train loss: 0.1677, Val loss: 0.5599
Epoch 10 has started
Train loss: 0.1447, Val loss: 0.6198

=== Run 12/36 ===
hidden_units=[128, 64], dropout=0.3, lr=0.0005, optimizer=sgd
Epoch 1 has started
Train loss: 3.4963, Val loss: 3.4864
Epoch 2 has started
Train loss: 3.4807, Val loss: 3.4777
Epoch 3 has started
Train loss: 3.4658, Val loss: 3.4676
Epoch 4 has started
Train loss: 3.4521, Val loss: 3.4601
Epoch 5 has started
Train loss: 3.4256, Val loss: 3.4490
Epoch 6 has started
Train loss: 3.3914, Val loss: 3.4250
Epoch 7 has started
Train loss: 3.3339, Val loss: 3.3838
Epoch 8 has started
Train loss: 3.2177, Val loss: 3.2868
Epoch 9 has started
Train loss: 3.0136, Val loss: 3.1194
Epoch 10 has started
Train loss: 2.7311, Val loss: 2.8990

=== Run 13/36 ===
hidden_units=[256, 128], dropout=0.1, lr=0.001, optimizer=adam
Epoch 1 has started
Train loss: 1.4471, Val loss: 0.6139
Epoch 2 has started
Train loss: 0.2565, Val loss: 0.5383
Epoch 3 has started
Train loss: 0.1288, Val loss: 0.5417
Epoch 4 has started
Train loss: 0.0796, Val loss: 0.6392
Epoch 5 has started
Train loss: 0.0727, Val loss: 0.6488
Epoch 6 has started
Train loss: 0.0601, Val loss: 0.7772
Epoch 7 has started
Train loss: 0.0576, Val loss: 0.7711
Epoch 8 has started
Train loss: 0.0479, Val loss: 0.8283
Epoch 9 has started
Train loss: 0.0686, Val loss: 0.8060
Epoch 10 has started
Train loss: 0.0376, Val loss: 0.8958

=== Run 14/36 ===
hidden_units=[256, 128], dropout=0.1, lr=0.001, optimizer=adamw
Epoch 1 has started
Train loss: 1.4502, Val loss: 0.6193
Epoch 2 has started
Train loss: 0.2244, Val loss: 0.6028
Epoch 3 has started
Train loss: 0.1255, Val loss: 0.5485
Epoch 4 has started
Train loss: 0.1003, Val loss: 0.5771
Epoch 5 has started
Train loss: 0.0623, Val loss: 0.6296
Epoch 6 has started
Train loss: 0.0705, Val loss: 0.6447
Epoch 7 has started
Train loss: 0.0550, Val loss: 0.7802
Epoch 8 has started
Train loss: 0.0487, Val loss: 0.7536
Epoch 9 has started
Train loss: 0.0442, Val loss: 0.7736
Epoch 10 has started
Train loss: 0.0430, Val loss: 0.7785

=== Run 15/36 ===
hidden_units=[256, 128], dropout=0.1, lr=0.001, optimizer=sgd
Epoch 1 has started
Train loss: 3.4821, Val loss: 3.4771
Epoch 2 has started
Train loss: 3.4357, Val loss: 3.4337
Epoch 3 has started
Train loss: 3.3302, Val loss: 3.3603
Epoch 4 has started
Train loss: 2.9144, Val loss: 2.8571
Epoch 5 has started
Train loss: 1.9259, Val loss: 2.0959
Epoch 6 has started
Train loss: 1.1448, Val loss: 1.5971
Epoch 7 has started
Train loss: 0.7436, Val loss: 1.3717
Epoch 8 has started
Train loss: 0.5013, Val loss: 1.2480
Epoch 9 has started
Train loss: 0.3821, Val loss: 1.2907
Epoch 10 has started
Train loss: 0.2987, Val loss: 1.2281

=== Run 16/36 ===
hidden_units=[256, 128], dropout=0.1, lr=0.0005, optimizer=adam
Epoch 1 has started
Train loss: 1.8840, Val loss: 0.8799
Epoch 2 has started
Train loss: 0.3036, Val loss: 0.5809
Epoch 3 has started
Train loss: 0.1546, Val loss: 0.5614
Epoch 4 has started
Train loss: 0.0979, Val loss: 0.5980
Epoch 5 has started
Train loss: 0.0616, Val loss: 0.6037
Epoch 6 has started
Train loss: 0.0345, Val loss: 0.6510
Epoch 7 has started
Train loss: 0.0356, Val loss: 0.6928
Epoch 8 has started
Train loss: 0.0324, Val loss: 0.6886
Epoch 9 has started
Train loss: 0.0234, Val loss: 0.6800
Epoch 10 has started
Train loss: 0.0230, Val loss: 0.6876

=== Run 17/36 ===
hidden_units=[256, 128], dropout=0.1, lr=0.0005, optimizer=adamw
Epoch 1 has started
Train loss: 1.8404, Val loss: 0.7877
Epoch 2 has started
Train loss: 0.3116, Val loss: 0.6053
Epoch 3 has started
Train loss: 0.1615, Val loss: 0.5477
Epoch 4 has started
Train loss: 0.0979, Val loss: 0.6567
Epoch 5 has started
Train loss: 0.0525, Val loss: 0.6067
Epoch 6 has started
Train loss: 0.0430, Val loss: 0.6819
Epoch 7 has started
Train loss: 0.0391, Val loss: 0.7289
Epoch 8 has started
Train loss: 0.0310, Val loss: 0.6650
Epoch 9 has started
Train loss: 0.0236, Val loss: 0.7275
Epoch 10 has started
Train loss: 0.0234, Val loss: 0.7984

=== Run 18/36 ===
hidden_units=[256, 128], dropout=0.1, lr=0.0005, optimizer=sgd
Epoch 1 has started
Train loss: 3.4916, Val loss: 3.4962
Epoch 2 has started
Train loss: 3.4682, Val loss: 3.4771
Epoch 3 has started
Train loss: 3.4425, Val loss: 3.4630
Epoch 4 has started
Train loss: 3.4053, Val loss: 3.4311
Epoch 5 has started
Train loss: 3.3461, Val loss: 3.3878
Epoch 6 has started
Train loss: 3.2202, Val loss: 3.2878
Epoch 7 has started
Train loss: 2.9318, Val loss: 3.0560
Epoch 8 has started
Train loss: 2.4276, Val loss: 2.6920
Epoch 9 has started
Train loss: 1.8972, Val loss: 2.2065
Epoch 10 has started
Train loss: 1.4405, Val loss: 1.8651

=== Run 19/36 ===
hidden_units=[256, 128], dropout=0.3, lr=0.001, optimizer=adam
Epoch 1 has started
Train loss: 1.9493, Val loss: 0.7129
Epoch 2 has started
Train loss: 0.4942, Val loss: 0.5398
Epoch 3 has started
Train loss: 0.2914, Val loss: 0.5130
Epoch 4 has started
Train loss: 0.2101, Val loss: 0.5298
Epoch 5 has started
Train loss: 0.1765, Val loss: 0.5903
Epoch 6 has started
Train loss: 0.1511, Val loss: 0.5667
Epoch 7 has started
Train loss: 0.1383, Val loss: 0.5693
Epoch 8 has started
Train loss: 0.1089, Val loss: 0.5431
Epoch 9 has started
Train loss: 0.1022, Val loss: 0.5659
Epoch 10 has started
Train loss: 0.1109, Val loss: 0.5884

=== Run 20/36 ===
hidden_units=[256, 128], dropout=0.3, lr=0.001, optimizer=adamw
Epoch 1 has started
Train loss: 1.9671, Val loss: 0.7798
Epoch 2 has started
Train loss: 0.4897, Val loss: 0.5895
Epoch 3 has started
Train loss: 0.2975, Val loss: 0.5413
Epoch 4 has started
Train loss: 0.1928, Val loss: 0.5767
Epoch 5 has started
Train loss: 0.1731, Val loss: 0.5560
Epoch 6 has started
Train loss: 0.1507, Val loss: 0.5724
Epoch 7 has started
Train loss: 0.1129, Val loss: 0.6950
Epoch 8 has started
Train loss: 0.1059, Val loss: 0.6612
Epoch 9 has started
Train loss: 0.1019, Val loss: 0.6766
Epoch 10 has started
Train loss: 0.0865, Val loss: 0.7235

=== Run 21/36 ===
hidden_units=[256, 128], dropout=0.3, lr=0.001, optimizer=sgd
Epoch 1 has started
Train loss: 3.4858, Val loss: 3.4635
Epoch 2 has started
Train loss: 3.4582, Val loss: 3.4509
Epoch 3 has started
Train loss: 3.4003, Val loss: 3.4230
Epoch 4 has started
Train loss: 3.2435, Val loss: 3.2345
Epoch 5 has started
Train loss: 2.7396, Val loss: 2.6509
Epoch 6 has started
Train loss: 2.0862, Val loss: 2.1288
Epoch 7 has started
Train loss: 1.5853, Val loss: 1.6678
Epoch 8 has started
Train loss: 1.2243, Val loss: 1.4803
Epoch 9 has started
Train loss: 1.0024, Val loss: 1.3024
Epoch 10 has started
Train loss: 0.7927, Val loss: 1.1927

=== Run 22/36 ===
hidden_units=[256, 128], dropout=0.3, lr=0.0005, optimizer=adam
Epoch 1 has started
Train loss: 2.5259, Val loss: 1.1200
Epoch 2 has started
Train loss: 0.6747, Val loss: 0.5994
Epoch 3 has started
Train loss: 0.3665, Val loss: 0.5693
Epoch 4 has started
Train loss: 0.2443, Val loss: 0.5896
Epoch 5 has started
Train loss: 0.1810, Val loss: 0.5251
Epoch 6 has started
Train loss: 0.1301, Val loss: 0.5660
Epoch 7 has started
Train loss: 0.1101, Val loss: 0.5587
Epoch 8 has started
Train loss: 0.0921, Val loss: 0.5737
Epoch 9 has started
Train loss: 0.0770, Val loss: 0.5754
Epoch 10 has started
Train loss: 0.0637, Val loss: 0.5894

=== Run 23/36 ===
hidden_units=[256, 128], dropout=0.3, lr=0.0005, optimizer=adamw
Epoch 1 has started
Train loss: 2.5164, Val loss: 1.0656
Epoch 2 has started
Train loss: 0.7144, Val loss: 0.6194
Epoch 3 has started
Train loss: 0.3964, Val loss: 0.5309
Epoch 4 has started
Train loss: 0.2429, Val loss: 0.5472
Epoch 5 has started
Train loss: 0.1866, Val loss: 0.5617
Epoch 6 has started
Train loss: 0.1488, Val loss: 0.5585
Epoch 7 has started
Train loss: 0.1125, Val loss: 0.5589
Epoch 8 has started
Train loss: 0.0838, Val loss: 0.5913
Epoch 9 has started
Train loss: 0.0751, Val loss: 0.6149
Epoch 10 has started
Train loss: 0.0688, Val loss: 0.6367

=== Run 24/36 ===
hidden_units=[256, 128], dropout=0.3, lr=0.0005, optimizer=sgd
Epoch 1 has started
Train loss: 3.4956, Val loss: 3.4821
Epoch 2 has started
Train loss: 3.4776, Val loss: 3.4691
Epoch 3 has started
Train loss: 3.4604, Val loss: 3.4623
Epoch 4 has started
Train loss: 3.4387, Val loss: 3.4502
Epoch 5 has started
Train loss: 3.4059, Val loss: 3.4214
Epoch 6 has started
Train loss: 3.3475, Val loss: 3.3937
Epoch 7 has started
Train loss: 3.2440, Val loss: 3.3175
Epoch 8 has started
Train loss: 3.0704, Val loss: 3.1662
Epoch 9 has started
Train loss: 2.7278, Val loss: 2.8389
Epoch 10 has started
Train loss: 2.3544, Val loss: 2.5362

=== Run 25/36 ===
hidden_units=[512, 256], dropout=0.1, lr=0.001, optimizer=adam
Epoch 1 has started
Train loss: 1.2717, Val loss: 0.6304
Epoch 2 has started
Train loss: 0.2187, Val loss: 0.5822
Epoch 3 has started
Train loss: 0.1390, Val loss: 0.5970
Epoch 4 has started
Train loss: 0.0777, Val loss: 0.6570
Epoch 5 has started
Train loss: 0.0620, Val loss: 0.7499
Epoch 6 has started
Train loss: 0.0487, Val loss: 0.8593
Epoch 7 has started
Train loss: 0.0547, Val loss: 0.8311
Epoch 8 has started
Train loss: 0.0495, Val loss: 0.8404
Epoch 9 has started
Train loss: 0.0529, Val loss: 1.0329
Epoch 10 has started
Train loss: 0.0592, Val loss: 0.9448

=== Run 26/36 ===
hidden_units=[512, 256], dropout=0.1, lr=0.001, optimizer=adamw
Epoch 1 has started
Train loss: 1.2257, Val loss: 0.5875
Epoch 2 has started
Train loss: 0.2353, Val loss: 0.5941
Epoch 3 has started
Train loss: 0.1152, Val loss: 0.6621
Epoch 4 has started
Train loss: 0.0778, Val loss: 0.6925
Epoch 5 has started
Train loss: 0.0588, Val loss: 0.8235
Epoch 6 has started
Train loss: 0.0678, Val loss: 0.8691
Epoch 7 has started
Train loss: 0.0752, Val loss: 0.8577
Epoch 8 has started
Train loss: 0.0407, Val loss: 0.8440
Epoch 9 has started
Train loss: 0.0365, Val loss: 0.7996
Epoch 10 has started
Train loss: 0.0288, Val loss: 1.0046

=== Run 27/36 ===
hidden_units=[512, 256], dropout=0.1, lr=0.001, optimizer=sgd
Epoch 1 has started
Train loss: 3.4770, Val loss: 3.4674
Epoch 2 has started
Train loss: 3.3962, Val loss: 3.3700
Epoch 3 has started
Train loss: 3.1282, Val loss: 3.1293
Epoch 4 has started
Train loss: 2.2065, Val loss: 2.2817
Epoch 5 has started
Train loss: 1.2514, Val loss: 1.6350
Epoch 6 has started
Train loss: 0.7538, Val loss: 1.3440
Epoch 7 has started
Train loss: 0.5091, Val loss: 1.2244
Epoch 8 has started
Train loss: 0.3556, Val loss: 1.1984
Epoch 9 has started
Train loss: 0.2523, Val loss: 1.2034
Epoch 10 has started
Train loss: 0.1913, Val loss: 1.2011

=== Run 28/36 ===
hidden_units=[512, 256], dropout=0.1, lr=0.0005, optimizer=adam
Epoch 1 has started
Train loss: 1.5513, Val loss: 0.6777
Epoch 2 has started
Train loss: 0.2424, Val loss: 0.5951
Epoch 3 has started
Train loss: 0.1189, Val loss: 0.6917
Epoch 4 has started
Train loss: 0.0668, Val loss: 0.6721
Epoch 5 has started
Train loss: 0.0446, Val loss: 0.7867
Epoch 6 has started
Train loss: 0.0411, Val loss: 0.7948
Epoch 7 has started
Train loss: 0.0292, Val loss: 0.8293
Epoch 8 has started
Train loss: 0.0325, Val loss: 0.7635
Epoch 9 has started
Train loss: 0.0178, Val loss: 0.8260
Epoch 10 has started
Train loss: 0.0116, Val loss: 0.8713

=== Run 29/36 ===
hidden_units=[512, 256], dropout=0.1, lr=0.0005, optimizer=adamw
Epoch 1 has started
Train loss: 1.5921, Val loss: 0.6037
Epoch 2 has started
Train loss: 0.2475, Val loss: 0.5267
Epoch 3 has started
Train loss: 0.1186, Val loss: 0.5364
Epoch 4 has started
Train loss: 0.0659, Val loss: 0.6637
Epoch 5 has started
Train loss: 0.0480, Val loss: 0.6859
Epoch 6 has started
Train loss: 0.0239, Val loss: 0.6239
Epoch 7 has started
Train loss: 0.0295, Val loss: 0.7122
Epoch 8 has started
Train loss: 0.0197, Val loss: 0.6757
Epoch 9 has started
Train loss: 0.0201, Val loss: 0.7677
Epoch 10 has started
Train loss: 0.0260, Val loss: 0.8465

=== Run 30/36 ===
hidden_units=[512, 256], dropout=0.1, lr=0.0005, optimizer=sgd
Epoch 1 has started
Train loss: 3.4862, Val loss: 3.4873
Epoch 2 has started
Train loss: 3.4567, Val loss: 3.4637
Epoch 3 has started
Train loss: 3.4224, Val loss: 3.4283
Epoch 4 has started
Train loss: 3.3633, Val loss: 3.3945
Epoch 5 has started
Train loss: 3.2542, Val loss: 3.3108
Epoch 6 has started
Train loss: 3.0157, Val loss: 3.1257
Epoch 7 has started
Train loss: 2.4941, Val loss: 2.6742
Epoch 8 has started
Train loss: 1.8860, Val loss: 2.1440
Epoch 9 has started
Train loss: 1.3614, Val loss: 1.7850
Epoch 10 has started
Train loss: 0.9870, Val loss: 1.5405

=== Run 31/36 ===
hidden_units=[512, 256], dropout=0.3, lr=0.001, optimizer=adam
Epoch 1 has started
Train loss: 1.6814, Val loss: 0.7058
Epoch 2 has started
Train loss: 0.4081, Val loss: 0.5515
Epoch 3 has started
Train loss: 0.2056, Val loss: 0.5121
Epoch 4 has started
Train loss: 0.1661, Val loss: 0.5399
Epoch 5 has started
Train loss: 0.1230, Val loss: 0.6231
Epoch 6 has started
Train loss: 0.1269, Val loss: 0.6548
Epoch 7 has started
Train loss: 0.0961, Val loss: 0.6194
Epoch 8 has started
Train loss: 0.0839, Val loss: 0.7940
Epoch 9 has started
Train loss: 0.0831, Val loss: 0.7318
Epoch 10 has started
Train loss: 0.0793, Val loss: 0.6876

=== Run 32/36 ===
hidden_units=[512, 256], dropout=0.3, lr=0.001, optimizer=adamw
Epoch 1 has started
Train loss: 1.7250, Val loss: 0.6307
Epoch 2 has started
Train loss: 0.3665, Val loss: 0.5252
Epoch 3 has started
Train loss: 0.1987, Val loss: 0.5044
Epoch 4 has started
Train loss: 0.1458, Val loss: 0.6692
Epoch 5 has started
Train loss: 0.1298, Val loss: 0.5831
Epoch 6 has started
Train loss: 0.1042, Val loss: 0.5736
Epoch 7 has started
Train loss: 0.1190, Val loss: 0.5683
Epoch 8 has started
Train loss: 0.0921, Val loss: 0.6766
Epoch 9 has started
Train loss: 0.0902, Val loss: 0.6777
Epoch 10 has started
Train loss: 0.0723, Val loss: 0.6418

=== Run 33/36 ===
hidden_units=[512, 256], dropout=0.3, lr=0.001, optimizer=sgd
Epoch 1 has started
Train loss: 3.4878, Val loss: 3.4792
Epoch 2 has started
Train loss: 3.4404, Val loss: 3.4544
Epoch 3 has started
Train loss: 3.3398, Val loss: 3.3428
Epoch 4 has started
Train loss: 2.9978, Val loss: 2.9479
Epoch 5 has started
Train loss: 2.2617, Val loss: 2.2792
Epoch 6 has started
Train loss: 1.6053, Val loss: 1.7501
Epoch 7 has started
Train loss: 1.1615, Val loss: 1.4172
Epoch 8 has started
Train loss: 0.8587, Val loss: 1.2050
Epoch 9 has started
Train loss: 0.6730, Val loss: 1.1575
Epoch 10 has started
Train loss: 0.5280, Val loss: 1.0922

=== Run 34/36 ===
hidden_units=[512, 256], dropout=0.3, lr=0.0005, optimizer=adam
Epoch 1 has started
Train loss: 2.0929, Val loss: 0.7850
Epoch 2 has started
Train loss: 0.4855, Val loss: 0.5468
Epoch 3 has started
Train loss: 0.2488, Val loss: 0.5237
Epoch 4 has started
Train loss: 0.1653, Val loss: 0.5263
Epoch 5 has started
Train loss: 0.1098, Val loss: 0.5850
Epoch 6 has started
Train loss: 0.0873, Val loss: 0.5471
Epoch 7 has started
Train loss: 0.0626, Val loss: 0.5728
Epoch 8 has started
Train loss: 0.0549, Val loss: 0.6384
Epoch 9 has started
Train loss: 0.0390, Val loss: 0.6184
Epoch 10 has started
Train loss: 0.0333, Val loss: 0.7112

=== Run 35/36 ===
hidden_units=[512, 256], dropout=0.3, lr=0.0005, optimizer=adamw
Epoch 1 has started
Train loss: 2.1240, Val loss: 0.8076
Epoch 2 has started
Train loss: 0.4473, Val loss: 0.5373
Epoch 3 has started
Train loss: 0.2239, Val loss: 0.5118
Epoch 4 has started
Train loss: 0.1420, Val loss: 0.5427
Epoch 5 has started
Train loss: 0.1187, Val loss: 0.5256
Epoch 6 has started
Train loss: 0.0763, Val loss: 0.6195
Epoch 7 has started
Train loss: 0.0617, Val loss: 0.6587
Epoch 8 has started
Train loss: 0.0530, Val loss: 0.6947
Epoch 9 has started
Train loss: 0.0434, Val loss: 0.6959
Epoch 10 has started
Train loss: 0.0541, Val loss: 0.6928

=== Run 36/36 ===
hidden_units=[512, 256], dropout=0.3, lr=0.0005, optimizer=sgd
Epoch 1 has started
Train loss: 3.4958, Val loss: 3.4888
Epoch 2 has started
Train loss: 3.4747, Val loss: 3.4721
Epoch 3 has started
Train loss: 3.4539, Val loss: 3.4649
Epoch 4 has started
Train loss: 3.4282, Val loss: 3.4386
Epoch 5 has started
Train loss: 3.3903, Val loss: 3.4037
Epoch 6 has started
Train loss: 3.3092, Val loss: 3.3644
Epoch 7 has started
Train loss: 3.1738, Val loss: 3.2099
Epoch 8 has started
Train loss: 2.8953, Val loss: 2.9794
Epoch 9 has started
Train loss: 2.5093, Val loss: 2.5867
Epoch 10 has started
Train loss: 2.0775, Val loss: 2.2104

=== HPO finished ===
Best val loss: 0.502573819371911
Best checkpoint at: experiments/results/best_checkpoint.pt
Full run completed
