PROJECT_ROOT is: /gpfs/home3/scur2378/MLOps_final
Run has started
Experiment tcga_multimodal_model_hpo has started
Configuration has loaded and seeds have been set
Number of classes: 33
Initializing Train Dataset...
Loaded split from data/processed/train_split.csv: 5280 samples.
Initializing Val Dataset...
Loaded split from data/processed/val_split.csv: 1132 samples.
Dataloaders are ready
Train samples: 5280
Val samples:   1132
Running 36 hyperparameter configurations...

=== Run 1/36 ===
hidden_units=[128, 64], dropout=0.1, lr=0.001, optimizer=adam
Epoch 1 has started
Train loss: 1.5637, Val loss: 0.8943
Epoch 2 has started
Train loss: 0.3464, Val loss: 0.7596
Epoch 3 has started
Train loss: 0.1920, Val loss: 0.7575
Epoch 4 has started
Train loss: 0.1448, Val loss: 0.7671
Epoch 5 has started
Train loss: 0.0896, Val loss: 0.8225
Epoch 6 has started
Train loss: 0.0698, Val loss: 0.8674
Epoch 7 has started
Train loss: 0.0615, Val loss: 0.9374
Epoch 8 has started
Train loss: 0.0558, Val loss: 0.9208
Epoch 9 has started
Train loss: 0.0645, Val loss: 0.9650
Epoch 10 has started
Train loss: 0.0479, Val loss: 1.0297

=== Run 2/36 ===
hidden_units=[128, 64], dropout=0.1, lr=0.001, optimizer=adamw
Epoch 1 has started
Train loss: 1.5731, Val loss: 0.9437
Epoch 2 has started
Train loss: 0.3693, Val loss: 0.7731
Epoch 3 has started
Train loss: 0.2025, Val loss: 0.8059
Epoch 4 has started
Train loss: 0.1162, Val loss: 0.8424
Epoch 5 has started
Train loss: 0.0950, Val loss: 0.8797
Epoch 6 has started
Train loss: 0.0742, Val loss: 0.9146
Epoch 7 has started
Train loss: 0.0587, Val loss: 0.9460
Epoch 8 has started
Train loss: 0.0593, Val loss: 0.9718
Epoch 9 has started
Train loss: 0.0436, Val loss: 1.0635
Epoch 10 has started
Train loss: 0.0487, Val loss: 1.1095

=== Run 3/36 ===
hidden_units=[128, 64], dropout=0.1, lr=0.001, optimizer=sgd
Epoch 1 has started
Train loss: 3.3630, Val loss: 3.3460
Epoch 2 has started
Train loss: 2.6503, Val loss: 2.4845
Epoch 3 has started
Train loss: 1.3428, Val loss: 1.5170
Epoch 4 has started
Train loss: 0.7332, Val loss: 1.1599
Epoch 5 has started
Train loss: 0.4819, Val loss: 1.0251
Epoch 6 has started
Train loss: 0.3722, Val loss: 1.0057
Epoch 7 has started
Train loss: 0.2856, Val loss: 0.9801
Epoch 8 has started
Train loss: 0.2196, Val loss: 0.9977
Epoch 9 has started
Train loss: 0.1763, Val loss: 1.0004
Epoch 10 has started
Train loss: 0.1484, Val loss: 1.0267

=== Run 4/36 ===
hidden_units=[128, 64], dropout=0.1, lr=0.0005, optimizer=adam
Epoch 1 has started
Train loss: 2.1187, Val loss: 1.1084
Epoch 2 has started
Train loss: 0.4903, Val loss: 0.7655
Epoch 3 has started
Train loss: 0.2614, Val loss: 0.7188
Epoch 4 has started
Train loss: 0.1584, Val loss: 0.6884
Epoch 5 has started
Train loss: 0.1213, Val loss: 0.6776
Epoch 6 has started
Train loss: 0.0878, Val loss: 0.7301
Epoch 7 has started
Train loss: 0.0675, Val loss: 0.7321
Epoch 8 has started
Train loss: 0.0490, Val loss: 0.7575
Epoch 9 has started
Train loss: 0.0403, Val loss: 0.7793
Epoch 10 has started
Train loss: 0.0353, Val loss: 0.7864

=== Run 5/36 ===
hidden_units=[128, 64], dropout=0.1, lr=0.0005, optimizer=adamw
Epoch 1 has started
Train loss: 2.1152, Val loss: 1.1751
Epoch 2 has started
Train loss: 0.5185, Val loss: 0.7681
Epoch 3 has started
Train loss: 0.2543, Val loss: 0.6912
Epoch 4 has started
Train loss: 0.1785, Val loss: 0.6653
Epoch 5 has started
Train loss: 0.0980, Val loss: 0.6995
Epoch 6 has started
Train loss: 0.0756, Val loss: 0.7041
Epoch 7 has started
Train loss: 0.0591, Val loss: 0.7363
Epoch 8 has started
Train loss: 0.0539, Val loss: 0.7475
Epoch 9 has started
Train loss: 0.0467, Val loss: 0.7908
Epoch 10 has started
Train loss: 0.0436, Val loss: 0.7915

=== Run 6/36 ===
hidden_units=[128, 64], dropout=0.1, lr=0.0005, optimizer=sgd
Epoch 1 has started
Train loss: 3.4497, Val loss: 3.4591
Epoch 2 has started
Train loss: 3.2479, Val loss: 3.3335
Epoch 3 has started
Train loss: 2.8518, Val loss: 3.0127
Epoch 4 has started
Train loss: 2.1808, Val loss: 2.4064
Epoch 5 has started
Train loss: 1.4670, Val loss: 1.8200
Epoch 6 has started
Train loss: 0.9942, Val loss: 1.4706
Epoch 7 has started
Train loss: 0.7250, Val loss: 1.2426
Epoch 8 has started
Train loss: 0.5524, Val loss: 1.1313
Epoch 9 has started
Train loss: 0.4486, Val loss: 1.0698
Epoch 10 has started
Train loss: 0.3637, Val loss: 1.0418

=== Run 7/36 ===
hidden_units=[128, 64], dropout=0.3, lr=0.001, optimizer=adam
Epoch 1 has started
Train loss: 2.1098, Val loss: 1.1659
Epoch 2 has started
Train loss: 0.7596, Val loss: 0.7670
Epoch 3 has started
Train loss: 0.4804, Val loss: 0.6963
Epoch 4 has started
Train loss: 0.3355, Val loss: 0.7393
Epoch 5 has started
Train loss: 0.2917, Val loss: 0.7237
Epoch 6 has started
Train loss: 0.2402, Val loss: 0.7607
Epoch 7 has started
Train loss: 0.2086, Val loss: 0.7802
Epoch 8 has started
Train loss: 0.1933, Val loss: 0.7910
Epoch 9 has started
Train loss: 0.1683, Val loss: 0.8044
Epoch 10 has started
Train loss: 0.1602, Val loss: 0.8662

=== Run 8/36 ===
hidden_units=[128, 64], dropout=0.3, lr=0.001, optimizer=adamw
Epoch 1 has started
Train loss: 2.1450, Val loss: 1.1740
Epoch 2 has started
Train loss: 0.7792, Val loss: 0.7838
Epoch 3 has started
Train loss: 0.4906, Val loss: 0.7200
Epoch 4 has started
Train loss: 0.3574, Val loss: 0.6902
Epoch 5 has started
Train loss: 0.2824, Val loss: 0.7428
Epoch 6 has started
Train loss: 0.2389, Val loss: 0.7505
Epoch 7 has started
Train loss: 0.2119, Val loss: 0.7507
Epoch 8 has started
Train loss: 0.1811, Val loss: 0.7752
Epoch 9 has started
Train loss: 0.1860, Val loss: 0.7887
Epoch 10 has started
Train loss: 0.1600, Val loss: 0.7902

=== Run 9/36 ===
hidden_units=[128, 64], dropout=0.3, lr=0.001, optimizer=sgd
Epoch 1 has started
Train loss: 3.4032, Val loss: 3.3668
Epoch 2 has started
Train loss: 2.9158, Val loss: 2.7651
Epoch 3 has started
Train loss: 1.9821, Val loss: 1.8690
Epoch 4 has started
Train loss: 1.3156, Val loss: 1.3961
Epoch 5 has started
Train loss: 0.9677, Val loss: 1.1505
Epoch 6 has started
Train loss: 0.7528, Val loss: 1.0276
Epoch 7 has started
Train loss: 0.6218, Val loss: 0.9978
Epoch 8 has started
Train loss: 0.5152, Val loss: 0.9760
Epoch 9 has started
Train loss: 0.4586, Val loss: 0.9572
Epoch 10 has started
Train loss: 0.4073, Val loss: 0.9720

=== Run 10/36 ===
hidden_units=[128, 64], dropout=0.3, lr=0.0005, optimizer=adam
Epoch 1 has started
Train loss: 2.6724, Val loss: 1.8164
Epoch 2 has started
Train loss: 1.1372, Val loss: 0.9901
Epoch 3 has started
Train loss: 0.6560, Val loss: 0.7896
Epoch 4 has started
Train loss: 0.4771, Val loss: 0.6981
Epoch 5 has started
Train loss: 0.3681, Val loss: 0.6643
Epoch 6 has started
Train loss: 0.2930, Val loss: 0.6653
Epoch 7 has started
Train loss: 0.2338, Val loss: 0.6494
Epoch 8 has started
Train loss: 0.1994, Val loss: 0.6580
Epoch 9 has started
Train loss: 0.1743, Val loss: 0.6713
Epoch 10 has started
Train loss: 0.1454, Val loss: 0.6692

=== Run 11/36 ===
hidden_units=[128, 64], dropout=0.3, lr=0.0005, optimizer=adamw
Epoch 1 has started
Train loss: 2.6618, Val loss: 1.6483
Epoch 2 has started
Train loss: 1.1007, Val loss: 0.9317
Epoch 3 has started
Train loss: 0.6723, Val loss: 0.7668
Epoch 4 has started
Train loss: 0.4666, Val loss: 0.7163
Epoch 5 has started
Train loss: 0.3764, Val loss: 0.6806
Epoch 6 has started
Train loss: 0.2775, Val loss: 0.6608
Epoch 7 has started
Train loss: 0.2538, Val loss: 0.6645
Epoch 8 has started
Train loss: 0.2094, Val loss: 0.6632
Epoch 9 has started
Train loss: 0.1782, Val loss: 0.6884
Epoch 10 has started
Train loss: 0.1619, Val loss: 0.7030

=== Run 12/36 ===
hidden_units=[128, 64], dropout=0.3, lr=0.0005, optimizer=sgd
Epoch 1 has started
Train loss: 3.4570, Val loss: 3.4847
Epoch 2 has started
Train loss: 3.3279, Val loss: 3.3911
Epoch 3 has started
Train loss: 3.0864, Val loss: 3.1896
Epoch 4 has started
Train loss: 2.6565, Val loss: 2.7460
Epoch 5 has started
Train loss: 2.1073, Val loss: 2.2356
Epoch 6 has started
Train loss: 1.6170, Val loss: 1.8059
Epoch 7 has started
Train loss: 1.3175, Val loss: 1.5268
Epoch 8 has started
Train loss: 1.0677, Val loss: 1.3008
Epoch 9 has started
Train loss: 0.9166, Val loss: 1.1925
Epoch 10 has started
Train loss: 0.8044, Val loss: 1.1161

=== Run 13/36 ===
hidden_units=[256, 128], dropout=0.1, lr=0.001, optimizer=adam
Epoch 1 has started
Train loss: 1.2988, Val loss: 0.9002
Epoch 2 has started
Train loss: 0.2769, Val loss: 0.8359
Epoch 3 has started
Train loss: 0.1354, Val loss: 0.8580
Epoch 4 has started
Train loss: 0.0952, Val loss: 0.9075
Epoch 5 has started
Train loss: 0.0656, Val loss: 1.0569
Epoch 6 has started
Train loss: 0.0740, Val loss: 1.0363
Epoch 7 has started
Train loss: 0.0560, Val loss: 1.0658
Epoch 8 has started
Train loss: 0.0579, Val loss: 1.1972
Epoch 9 has started
Train loss: 0.0522, Val loss: 1.2755
Epoch 10 has started
Train loss: 0.0580, Val loss: 1.2699

=== Run 14/36 ===
hidden_units=[256, 128], dropout=0.1, lr=0.001, optimizer=adamw
Epoch 1 has started
Train loss: 1.2682, Val loss: 0.8572
Epoch 2 has started
Train loss: 0.2689, Val loss: 0.9025
Epoch 3 has started
Train loss: 0.1340, Val loss: 0.8070
Epoch 4 has started
Train loss: 0.0950, Val loss: 0.9190
Epoch 5 has started
Train loss: 0.0630, Val loss: 0.9120
Epoch 6 has started
Train loss: 0.0529, Val loss: 1.0627
Epoch 7 has started
Train loss: 0.0682, Val loss: 1.1238
Epoch 8 has started
Train loss: 0.0562, Val loss: 1.1979
Epoch 9 has started
Train loss: 0.0504, Val loss: 1.3773
Epoch 10 has started
Train loss: 0.0562, Val loss: 1.3452

=== Run 15/36 ===
hidden_units=[256, 128], dropout=0.1, lr=0.001, optimizer=sgd
Epoch 1 has started
Train loss: 3.3307, Val loss: 3.2628
Epoch 2 has started
Train loss: 2.4470, Val loss: 2.2305
Epoch 3 has started
Train loss: 1.0402, Val loss: 1.2279
Epoch 4 has started
Train loss: 0.5080, Val loss: 0.9748
Epoch 5 has started
Train loss: 0.3425, Val loss: 0.8977
Epoch 6 has started
Train loss: 0.2399, Val loss: 0.9045
Epoch 7 has started
Train loss: 0.1669, Val loss: 0.8904
Epoch 8 has started
Train loss: 0.1355, Val loss: 0.9039
Epoch 9 has started
Train loss: 0.1048, Val loss: 0.9163
Epoch 10 has started
Train loss: 0.0824, Val loss: 0.9259

=== Run 16/36 ===
hidden_units=[256, 128], dropout=0.1, lr=0.0005, optimizer=adam
Epoch 1 has started
Train loss: 1.7132, Val loss: 0.8844
Epoch 2 has started
Train loss: 0.2973, Val loss: 0.7594
Epoch 3 has started
Train loss: 0.1412, Val loss: 0.7305
Epoch 4 has started
Train loss: 0.0957, Val loss: 0.7410
Epoch 5 has started
Train loss: 0.0554, Val loss: 0.7466
Epoch 6 has started
Train loss: 0.0434, Val loss: 0.7924
Epoch 7 has started
Train loss: 0.0335, Val loss: 0.8209
Epoch 8 has started
Train loss: 0.0233, Val loss: 0.8421
Epoch 9 has started
Train loss: 0.0243, Val loss: 0.9385
Epoch 10 has started
Train loss: 0.0184, Val loss: 0.9315

=== Run 17/36 ===
hidden_units=[256, 128], dropout=0.1, lr=0.0005, optimizer=adamw
Epoch 1 has started
Train loss: 1.6941, Val loss: 0.8889
Epoch 2 has started
Train loss: 0.3075, Val loss: 0.6859
Epoch 3 has started
Train loss: 0.1560, Val loss: 0.7074
Epoch 4 has started
Train loss: 0.0797, Val loss: 0.7202
Epoch 5 has started
Train loss: 0.0624, Val loss: 0.7383
Epoch 6 has started
Train loss: 0.0442, Val loss: 0.7886
Epoch 7 has started
Train loss: 0.0292, Val loss: 0.7795
Epoch 8 has started
Train loss: 0.0203, Val loss: 0.8437
Epoch 9 has started
Train loss: 0.0206, Val loss: 0.9150
Epoch 10 has started
Train loss: 0.0266, Val loss: 0.9675

=== Run 18/36 ===
hidden_units=[256, 128], dropout=0.1, lr=0.0005, optimizer=sgd
Epoch 1 has started
Train loss: 3.4505, Val loss: 3.4294
Epoch 2 has started
Train loss: 3.2768, Val loss: 3.3374
Epoch 3 has started
Train loss: 2.9439, Val loss: 3.0750
Epoch 4 has started
Train loss: 2.2568, Val loss: 2.4584
Epoch 5 has started
Train loss: 1.4410, Val loss: 1.7334
Epoch 6 has started
Train loss: 0.9002, Val loss: 1.3333
Epoch 7 has started
Train loss: 0.6137, Val loss: 1.1144
Epoch 8 has started
Train loss: 0.4584, Val loss: 0.9956
Epoch 9 has started
Train loss: 0.3546, Val loss: 0.9365
Epoch 10 has started
Train loss: 0.2875, Val loss: 0.9119

=== Run 19/36 ===
hidden_units=[256, 128], dropout=0.3, lr=0.001, optimizer=adam
Epoch 1 has started
Train loss: 1.6480, Val loss: 0.9579
Epoch 2 has started
Train loss: 0.4414, Val loss: 0.7777
Epoch 3 has started
Train loss: 0.2507, Val loss: 0.7527
Epoch 4 has started
Train loss: 0.1903, Val loss: 0.8063
Epoch 5 has started
Train loss: 0.1446, Val loss: 0.8086
Epoch 6 has started
Train loss: 0.1242, Val loss: 0.9665
Epoch 7 has started
Train loss: 0.1245, Val loss: 0.9543
Epoch 8 has started
Train loss: 0.1101, Val loss: 0.9736
Epoch 9 has started
Train loss: 0.0964, Val loss: 1.0186
Epoch 10 has started
Train loss: 0.1000, Val loss: 1.0467

=== Run 20/36 ===
hidden_units=[256, 128], dropout=0.3, lr=0.001, optimizer=adamw
Epoch 1 has started
Train loss: 1.6704, Val loss: 0.9011
Epoch 2 has started
Train loss: 0.4340, Val loss: 0.8050
Epoch 3 has started
Train loss: 0.2721, Val loss: 0.7827
Epoch 4 has started
Train loss: 0.1743, Val loss: 0.8663
Epoch 5 has started
Train loss: 0.1560, Val loss: 0.8724
Epoch 6 has started
Train loss: 0.1259, Val loss: 0.9110
Epoch 7 has started
Train loss: 0.1177, Val loss: 0.9713
Epoch 8 has started
Train loss: 0.1170, Val loss: 1.0443
Epoch 9 has started
Train loss: 0.1142, Val loss: 1.0745
Epoch 10 has started
Train loss: 0.1049, Val loss: 1.0750

=== Run 21/36 ===
hidden_units=[256, 128], dropout=0.3, lr=0.001, optimizer=sgd
Epoch 1 has started
Train loss: 3.3708, Val loss: 3.3105
Epoch 2 has started
Train loss: 2.7351, Val loss: 2.5380
Epoch 3 has started
Train loss: 1.5297, Val loss: 1.5153
Epoch 4 has started
Train loss: 0.8861, Val loss: 1.1248
Epoch 5 has started
Train loss: 0.5965, Val loss: 0.9519
Epoch 6 has started
Train loss: 0.4761, Val loss: 0.9240
Epoch 7 has started
Train loss: 0.3654, Val loss: 0.9053
Epoch 8 has started
Train loss: 0.2938, Val loss: 0.8760
Epoch 9 has started
Train loss: 0.2422, Val loss: 0.8774
Epoch 10 has started
Train loss: 0.2018, Val loss: 0.9003

=== Run 22/36 ===
hidden_units=[256, 128], dropout=0.3, lr=0.0005, optimizer=adam
Epoch 1 has started
Train loss: 2.1478, Val loss: 1.1116
Epoch 2 has started
Train loss: 0.5538, Val loss: 0.7079
Epoch 3 has started
Train loss: 0.3105, Val loss: 0.6641
Epoch 4 has started
Train loss: 0.2076, Val loss: 0.6529
Epoch 5 has started
Train loss: 0.1416, Val loss: 0.6733
Epoch 6 has started
Train loss: 0.1121, Val loss: 0.7176
Epoch 7 has started
Train loss: 0.0938, Val loss: 0.7171
Epoch 8 has started
Train loss: 0.0768, Val loss: 0.7409
Epoch 9 has started
Train loss: 0.0650, Val loss: 0.7961
Epoch 10 has started
Train loss: 0.0651, Val loss: 0.7697

=== Run 23/36 ===
hidden_units=[256, 128], dropout=0.3, lr=0.0005, optimizer=adamw
Epoch 1 has started
Train loss: 2.1728, Val loss: 1.0975
Epoch 2 has started
Train loss: 0.5686, Val loss: 0.7183
Epoch 3 has started
Train loss: 0.3049, Val loss: 0.6745
Epoch 4 has started
Train loss: 0.2015, Val loss: 0.6903
Epoch 5 has started
Train loss: 0.1426, Val loss: 0.6812
Epoch 6 has started
Train loss: 0.1180, Val loss: 0.6871
Epoch 7 has started
Train loss: 0.0945, Val loss: 0.7627
Epoch 8 has started
Train loss: 0.0719, Val loss: 0.7594
Epoch 9 has started
Train loss: 0.0683, Val loss: 0.8004
Epoch 10 has started
Train loss: 0.0581, Val loss: 0.8221

=== Run 24/36 ===
hidden_units=[256, 128], dropout=0.3, lr=0.0005, optimizer=sgd
Epoch 1 has started
Train loss: 3.4496, Val loss: 3.4243
Epoch 2 has started
Train loss: 3.2840, Val loss: 3.3100
Epoch 3 has started
Train loss: 2.9615, Val loss: 3.0252
Epoch 4 has started
Train loss: 2.3764, Val loss: 2.4944
Epoch 5 has started
Train loss: 1.6978, Val loss: 1.8278
Epoch 6 has started
Train loss: 1.2116, Val loss: 1.4247
Epoch 7 has started
Train loss: 0.8888, Val loss: 1.1808
Epoch 8 has started
Train loss: 0.7148, Val loss: 1.0314
Epoch 9 has started
Train loss: 0.5991, Val loss: 0.9522
Epoch 10 has started
Train loss: 0.4961, Val loss: 0.9096

=== Run 25/36 ===
hidden_units=[512, 256], dropout=0.1, lr=0.001, optimizer=adam
Epoch 1 has started
Train loss: 1.1264, Val loss: 0.8350
Epoch 2 has started
Train loss: 0.2420, Val loss: 0.8365
Epoch 3 has started
Train loss: 0.1383, Val loss: 0.9652
Epoch 4 has started
Train loss: 0.0868, Val loss: 1.1624
Epoch 5 has started
Train loss: 0.0812, Val loss: 1.1076
Epoch 6 has started
Train loss: 0.0732, Val loss: 1.2655
Epoch 7 has started
Train loss: 0.0593, Val loss: 1.2899
Epoch 8 has started
Train loss: 0.0707, Val loss: 1.5344
Epoch 9 has started
Train loss: 0.0746, Val loss: 1.7427
Epoch 10 has started
Train loss: 0.0669, Val loss: 1.7830

=== Run 26/36 ===
hidden_units=[512, 256], dropout=0.1, lr=0.001, optimizer=adamw
Epoch 1 has started
Train loss: 1.1013, Val loss: 0.8852
Epoch 2 has started
Train loss: 0.2391, Val loss: 0.8668
Epoch 3 has started
Train loss: 0.1377, Val loss: 0.8674
Epoch 4 has started
Train loss: 0.1176, Val loss: 1.0249
Epoch 5 has started
Train loss: 0.0789, Val loss: 1.1276
Epoch 6 has started
Train loss: 0.0721, Val loss: 1.1569
Epoch 7 has started
Train loss: 0.0536, Val loss: 1.4331
Epoch 8 has started
Train loss: 0.0882, Val loss: 1.4376
Epoch 9 has started
Train loss: 0.0758, Val loss: 1.5686
Epoch 10 has started
Train loss: 0.0697, Val loss: 1.5346

=== Run 27/36 ===
hidden_units=[512, 256], dropout=0.1, lr=0.001, optimizer=sgd
Epoch 1 has started
Train loss: 3.3087, Val loss: 3.2503
Epoch 2 has started
Train loss: 2.3175, Val loss: 2.1717
Epoch 3 has started
Train loss: 0.9496, Val loss: 1.1565
Epoch 4 has started
Train loss: 0.4379, Val loss: 0.9493
Epoch 5 has started
Train loss: 0.2675, Val loss: 0.8725
Epoch 6 has started
Train loss: 0.1708, Val loss: 0.8644
Epoch 7 has started
Train loss: 0.1224, Val loss: 0.8512
Epoch 8 has started
Train loss: 0.0889, Val loss: 0.8572
Epoch 9 has started
Train loss: 0.0724, Val loss: 0.8765
Epoch 10 has started
Train loss: 0.0559, Val loss: 0.8649

=== Run 28/36 ===
hidden_units=[512, 256], dropout=0.1, lr=0.0005, optimizer=adam
Epoch 1 has started
Train loss: 1.3660, Val loss: 0.8668
Epoch 2 has started
Train loss: 0.2392, Val loss: 0.7648
Epoch 3 has started
Train loss: 0.1183, Val loss: 0.7689
Epoch 4 has started
Train loss: 0.0760, Val loss: 0.8329
Epoch 5 has started
Train loss: 0.0448, Val loss: 0.8674
Epoch 6 has started
Train loss: 0.0323, Val loss: 0.9056
Epoch 7 has started
Train loss: 0.0271, Val loss: 0.9482
Epoch 8 has started
Train loss: 0.0229, Val loss: 0.9827
Epoch 9 has started
Train loss: 0.0329, Val loss: 1.1089
Epoch 10 has started
Train loss: 0.0214, Val loss: 1.1003

=== Run 29/36 ===
hidden_units=[512, 256], dropout=0.1, lr=0.0005, optimizer=adamw
Epoch 1 has started
Train loss: 1.3200, Val loss: 0.8267
Epoch 2 has started
Train loss: 0.2304, Val loss: 0.7001
Epoch 3 has started
Train loss: 0.1182, Val loss: 0.7698
Epoch 4 has started
Train loss: 0.0710, Val loss: 0.8511
Epoch 5 has started
Train loss: 0.0477, Val loss: 0.9024
Epoch 6 has started
Train loss: 0.0360, Val loss: 0.9120
Epoch 7 has started
Train loss: 0.0327, Val loss: 1.0111
Epoch 8 has started
Train loss: 0.0327, Val loss: 1.0249
Epoch 9 has started
Train loss: 0.0275, Val loss: 1.1268
Epoch 10 has started
Train loss: 0.0216, Val loss: 1.1361

=== Run 30/36 ===
hidden_units=[512, 256], dropout=0.1, lr=0.0005, optimizer=sgd
Epoch 1 has started
Train loss: 3.4317, Val loss: 3.4328
Epoch 2 has started
Train loss: 3.2102, Val loss: 3.2563
Epoch 3 has started
Train loss: 2.7786, Val loss: 2.8844
Epoch 4 has started
Train loss: 1.9295, Val loss: 2.1648
Epoch 5 has started
Train loss: 1.1502, Val loss: 1.5385
Epoch 6 has started
Train loss: 0.6995, Val loss: 1.2014
Epoch 7 has started
Train loss: 0.4862, Val loss: 1.0402
Epoch 8 has started
Train loss: 0.3513, Val loss: 0.9283
Epoch 9 has started
Train loss: 0.2800, Val loss: 0.8974
Epoch 10 has started
Train loss: 0.2122, Val loss: 0.8587

=== Run 31/36 ===
hidden_units=[512, 256], dropout=0.3, lr=0.001, optimizer=adam
Epoch 1 has started
Train loss: 1.3152, Val loss: 0.8362
Epoch 2 has started
Train loss: 0.3294, Val loss: 0.8407
Epoch 3 has started
Train loss: 0.2144, Val loss: 0.8752
Epoch 4 has started
Train loss: 0.1485, Val loss: 0.8979
Epoch 5 has started
Train loss: 0.1171, Val loss: 1.0179
Epoch 6 has started
Train loss: 0.1089, Val loss: 1.0821
Epoch 7 has started
Train loss: 0.0985, Val loss: 1.1417
Epoch 8 has started
Train loss: 0.1200, Val loss: 1.2901
Epoch 9 has started
Train loss: 0.1164, Val loss: 1.3229
Epoch 10 has started
Train loss: 0.1005, Val loss: 1.3489

=== Run 32/36 ===
hidden_units=[512, 256], dropout=0.3, lr=0.001, optimizer=adamw
Epoch 1 has started
Train loss: 1.3449, Val loss: 0.9275
Epoch 2 has started
Train loss: 0.3516, Val loss: 0.8256
Epoch 3 has started
Train loss: 0.1822, Val loss: 0.8556
Epoch 4 has started
Train loss: 0.1434, Val loss: 0.9095
Epoch 5 has started
Train loss: 0.1301, Val loss: 0.9609
Epoch 6 has started
Train loss: 0.1071, Val loss: 1.0636
Epoch 7 has started
Train loss: 0.1052, Val loss: 1.0446
Epoch 8 has started
Train loss: 0.1203, Val loss: 1.0946
Epoch 9 has started
Train loss: 0.0933, Val loss: 1.1957
Epoch 10 has started
Train loss: 0.0924, Val loss: 1.2939

=== Run 33/36 ===
hidden_units=[512, 256], dropout=0.3, lr=0.001, optimizer=sgd
Epoch 1 has started
Train loss: 3.3513, Val loss: 3.2653
Epoch 2 has started
Train loss: 2.5786, Val loss: 2.2840
Epoch 3 has started
Train loss: 1.2557, Val loss: 1.3499
Epoch 4 has started
Train loss: 0.6644, Val loss: 1.0190
Epoch 5 has started
Train loss: 0.4458, Val loss: 0.8886
Epoch 6 has started
Train loss: 0.3289, Val loss: 0.8481
Epoch 7 has started
Train loss: 0.2435, Val loss: 0.8658
Epoch 8 has started
Train loss: 0.1871, Val loss: 0.8543
Epoch 9 has started
Train loss: 0.1422, Val loss: 0.8596
Epoch 10 has started
Train loss: 0.1283, Val loss: 0.8755

=== Run 34/36 ===
hidden_units=[512, 256], dropout=0.3, lr=0.0005, optimizer=adam
Epoch 1 has started
Train loss: 1.6664, Val loss: 0.8176
Epoch 2 has started
Train loss: 0.3550, Val loss: 0.6963
Epoch 3 has started
Train loss: 0.1839, Val loss: 0.7045
Epoch 4 has started
Train loss: 0.1119, Val loss: 0.6878
Epoch 5 has started
Train loss: 0.0838, Val loss: 0.7584
Epoch 6 has started
Train loss: 0.0585, Val loss: 0.7566
Epoch 7 has started
Train loss: 0.0458, Val loss: 0.8426
Epoch 8 has started
Train loss: 0.0504, Val loss: 0.9137
Epoch 9 has started
Train loss: 0.0435, Val loss: 0.9720
Epoch 10 has started
Train loss: 0.0368, Val loss: 1.0491

=== Run 35/36 ===
hidden_units=[512, 256], dropout=0.3, lr=0.0005, optimizer=adamw
Epoch 1 has started
Train loss: 1.7044, Val loss: 0.7653
Epoch 2 has started
Train loss: 0.3507, Val loss: 0.6507
Epoch 3 has started
Train loss: 0.1820, Val loss: 0.6854
Epoch 4 has started
Train loss: 0.1205, Val loss: 0.6930
Epoch 5 has started
Train loss: 0.0796, Val loss: 0.7571
Epoch 6 has started
Train loss: 0.0647, Val loss: 0.7599
Epoch 7 has started
Train loss: 0.0405, Val loss: 0.8042
Epoch 8 has started
Train loss: 0.0445, Val loss: 0.8159
Epoch 9 has started
Train loss: 0.0496, Val loss: 0.8851
Epoch 10 has started
Train loss: 0.0439, Val loss: 0.9247

=== Run 36/36 ===
hidden_units=[512, 256], dropout=0.3, lr=0.0005, optimizer=sgd
Epoch 1 has started
Train loss: 3.4374, Val loss: 3.4207
Epoch 2 has started
Train loss: 3.2577, Val loss: 3.2848
Epoch 3 has started
Train loss: 2.8928, Val loss: 2.9792
Epoch 4 has started
Train loss: 2.2123, Val loss: 2.3541
Epoch 5 has started
Train loss: 1.4859, Val loss: 1.7175
Epoch 6 has started
Train loss: 0.9579, Val loss: 1.2867
Epoch 7 has started
Train loss: 0.7043, Val loss: 1.0778
Epoch 8 has started
Train loss: 0.5499, Val loss: 0.9772
Epoch 9 has started
Train loss: 0.4276, Val loss: 0.8971
Epoch 10 has started
Train loss: 0.3404, Val loss: 0.8504

=== HPO finished ===
Best val loss: 0.6493637935376503
Best checkpoint at: experiments/results/best_checkpoint.pt
Full run completed
