PROJECT_ROOT is: /gpfs/home3/scur2378/MLOps_final
Run has started
Experiment tcga_multimodal_model has started
Configuration has loaded and seeds have been set
Number of classes: 33
Initializing Train Dataset...
Loaded split from data/processed/train_split.csv: 5280 samples.
Initializing Val Dataset...
Loaded split from data/processed/val_split.csv: 1132 samples.
Dataloaders are ready
Train samples: 5280
Val samples:   1132
Running 1 hyperparameter configurations...

=== Run 1/1 ===
hidden_units=[128, 64], dropout=0.2, lr=0.0005, optimizer=adam
Epoch 1 has started
Train loss: 2.3959, Val loss: 1.3911
Epoch 2 has started
Train loss: 0.7550, Val loss: 0.8308
Epoch 3 has started
Train loss: 0.4165, Val loss: 0.7250
Epoch 4 has started
Train loss: 0.2868, Val loss: 0.6844
Epoch 5 has started
Train loss: 0.2102, Val loss: 0.6812

=== HPO finished ===
Best val loss: 0.6811836103738194
Best checkpoint at: experiments/results/best_checkpoint.pt
Full run completed
