PROJECT_ROOT is: /gpfs/home3/scur2378/MLOps_final
Run has started
Experiment tcga_multimodal_champion has started
Configuration has loaded and seeds have been set
Number of classes: 33
Initializing Train Dataset...
Loaded split from data/processed/train_split.csv: 5280 samples.
Initializing Val Dataset...
Loaded split from data/processed/val_split.csv: 1132 samples.
Dataloaders are ready
Train samples: 5280
Val samples:   1132
Running 1 hyperparameter configurations...

=== Run 1/1 ===
hidden_units=[128, 64], dropout=0.3, lr=0.0005, optimizer=adam
Epoch 1 has started
Train loss: 2.6810, Val loss: 1.7064
Epoch 2 has started
Train loss: 1.0847, Val loss: 0.9258
Epoch 3 has started
Train loss: 0.6454, Val loss: 0.7675
Epoch 4 has started
Train loss: 0.4532, Val loss: 0.7029
Epoch 5 has started
Train loss: 0.3683, Val loss: 0.6735
Epoch 6 has started
Train loss: 0.2783, Val loss: 0.6575
Epoch 7 has started
Train loss: 0.2218, Val loss: 0.6735
Epoch 8 has started
Train loss: 0.1995, Val loss: 0.6777
Epoch 9 has started
Train loss: 0.1767, Val loss: 0.6929
Epoch 10 has started
Train loss: 0.1573, Val loss: 0.7158

=== HPO finished ===
Best val loss: 0.6574818643046098
Best checkpoint at: experiments/results_champion/best_checkpoint.pt
Full run completed
